  AirVehicle.cpp
C:\Users\ofrao\Desktop\origin\Курсовая 2\Project2\Project2\Vehicle.h(13,18): warning C4251: Vehicle::name: class "std::basic_string<char,std::char_traits<char>,std::allocator<char>>" должен иметь dll-интерфейс для использования клиентами class "Vehicle"
C:\Program Files (x86)\Microsoft Visual Studio\2019\Community\VC\Tools\MSVC\14.29.30133\include\xstring(4871): message : см. объявление "std::basic_string<char,std::char_traits<char>,std::allocator<char>>"
C:\Users\ofrao\Desktop\origin\Курсовая 2\Project2\Project2\AirVehicle.cpp(4,60): warning C4273: AirVehicle::AirVehicle: несовместимое связывание dll
C:\Users\ofrao\Desktop\origin\Курсовая 2\Project2\Project2\AirVehicle.h(13,5): message : см. предыдущее определение "{ctor}"
C:\Users\ofrao\Desktop\origin\Курсовая 2\Project2\Project2\AirVehicle.cpp(5,57): warning C4273: AirVehicle::calculateTime: несовместимое связывание dll
C:\Users\ofrao\Desktop\origin\Курсовая 2\Project2\Project2\AirVehicle.h(15,12): message : см. предыдущее определение "calculateTime"
  Broomstick.cpp
C:\Users\ofrao\Desktop\origin\Курсовая 2\Project2\Project2\Vehicle.h(13,18): warning C4251: Vehicle::name: class "std::basic_string<char,std::char_traits<char>,std::allocator<char>>" должен иметь dll-интерфейс для использования клиентами class "Vehicle"
C:\Program Files (x86)\Microsoft Visual Studio\2019\Community\VC\Tools\MSVC\14.29.30133\include\xstring(4871): message : см. объявление "std::basic_string<char,std::char_traits<char>,std::allocator<char>>"
C:\Users\ofrao\Desktop\origin\Курсовая 2\Project2\Project2\Broomstick.cpp(4,30): warning C4273: Broomstick::Broomstick: несовместимое связывание dll
C:\Users\ofrao\Desktop\origin\Курсовая 2\Project2\Project2\Broomstick.h(13,5): message : см. предыдущее определение "{ctor}"
C:\Users\ofrao\Desktop\origin\Курсовая 2\Project2\Project2\Broomstick.cpp(5,66): warning C4273: Broomstick::getDistanceReduced: несовместимое связывание dll
C:\Users\ofrao\Desktop\origin\Курсовая 2\Project2\Project2\Broomstick.h(14,12): message : см. предыдущее определение "getDistanceReduced"
  Camel.cpp
C:\Users\ofrao\Desktop\origin\Курсовая 2\Project2\Project2\Vehicle.h(13,18): warning C4251: Vehicle::name: class "std::basic_string<char,std::char_traits<char>,std::allocator<char>>" должен иметь dll-интерфейс для использования клиентами class "Vehicle"
C:\Program Files (x86)\Microsoft Visual Studio\2019\Community\VC\Tools\MSVC\14.29.30133\include\xstring(4871): message : см. объявление "std::basic_string<char,std::char_traits<char>,std::allocator<char>>"
C:\Users\ofrao\Desktop\origin\Курсовая 2\Project2\Project2\Camel.cpp(3,16): warning C4273: Camel::Camel: несовместимое связывание dll
C:\Users\ofrao\Desktop\origin\Курсовая 2\Project2\Project2\Camel.h(13,5): message : см. предыдущее определение "{ctor}"
C:\Users\ofrao\Desktop\origin\Курсовая 2\Project2\Project2\Camel.cpp(4,39): warning C4273: Camel::getRestDuration: несовместимое связывание dll
C:\Users\ofrao\Desktop\origin\Курсовая 2\Project2\Project2\Camel.h(14,12): message : см. предыдущее определение "getRestDuration"
C:\Users\ofrao\Desktop\origin\Курсовая 2\Project2\Project2\Camel.cpp(5,74): warning C4273: Camel::calculateRestCount: несовместимое связывание dll
C:\Users\ofrao\Desktop\origin\Курсовая 2\Project2\Project2\Camel.h(15,9): message : см. предыдущее определение "calculateRestCount"
C:\Users\ofrao\Desktop\origin\Курсовая 2\Project2\Project2\Camel.cpp(10,58): warning C4273: Camel::getTotalRestDuration: несовместимое связывание dll
C:\Users\ofrao\Desktop\origin\Курсовая 2\Project2\Project2\Camel.h(16,12): message : см. предыдущее определение "getTotalRestDuration"
  Centaur.cpp
C:\Users\ofrao\Desktop\origin\Курсовая 2\Project2\Project2\Vehicle.h(13,18): warning C4251: Vehicle::name: class "std::basic_string<char,std::char_traits<char>,std::allocator<char>>" должен иметь dll-интерфейс для использования клиентами class "Vehicle"
C:\Program Files (x86)\Microsoft Visual Studio\2019\Community\VC\Tools\MSVC\14.29.30133\include\xstring(4871): message : см. объявление "std::basic_string<char,std::char_traits<char>,std::allocator<char>>"
C:\Users\ofrao\Desktop\origin\Курсовая 2\Project2\Project2\Centaur.cpp(4,20): warning C4273: Centaur::Centaur: несовместимое связывание dll
C:\Users\ofrao\Desktop\origin\Курсовая 2\Project2\Project2\Centaur.h(13,5): message : см. предыдущее определение "{ctor}"
C:\Users\ofrao\Desktop\origin\Курсовая 2\Project2\Project2\Centaur.cpp(5,45): warning C4273: Centaur::getRestDuration: несовместимое связывание dll
C:\Users\ofrao\Desktop\origin\Курсовая 2\Project2\Project2\Centaur.h(14,12): message : см. предыдущее определение "getRestDuration"
C:\Users\ofrao\Desktop\origin\Курсовая 2\Project2\Project2\Centaur.cpp(6,79): warning C4273: Centaur::calculateRestCount: несовместимое связывание dll
C:\Users\ofrao\Desktop\origin\Курсовая 2\Project2\Project2\Centaur.h(15,9): message : см. предыдущее определение "calculateRestCount"
C:\Users\ofrao\Desktop\origin\Курсовая 2\Project2\Project2\Centaur.cpp(11,63): warning C4273: Centaur::getTotalRestDuration: несовместимое связывание dll
C:\Users\ofrao\Desktop\origin\Курсовая 2\Project2\Project2\Centaur.h(16,12): message : см. предыдущее определение "getTotalRestDuration"
  Eagle.cpp
C:\Users\ofrao\Desktop\origin\Курсовая 2\Project2\Project2\Vehicle.h(13,18): warning C4251: Vehicle::name: class "std::basic_string<char,std::char_traits<char>,std::allocator<char>>" должен иметь dll-интерфейс для использования клиентами class "Vehicle"
C:\Program Files (x86)\Microsoft Visual Studio\2019\Community\VC\Tools\MSVC\14.29.30133\include\xstring(4871): message : см. объявление "std::basic_string<char,std::char_traits<char>,std::allocator<char>>"
C:\Users\ofrao\Desktop\origin\Курсовая 2\Project2\Project2\Eagle.cpp(4,20): warning C4273: Eagle::Eagle: несовместимое связывание dll
C:\Users\ofrao\Desktop\origin\Курсовая 2\Project2\Project2\Eagle.h(13,5): message : см. предыдущее определение "{ctor}"
C:\Users\ofrao\Desktop\origin\Курсовая 2\Project2\Project2\Eagle.cpp(5,61): warning C4273: Eagle::getDistanceReduced: несовместимое связывание dll
C:\Users\ofrao\Desktop\origin\Курсовая 2\Project2\Project2\Eagle.h(14,12): message : см. предыдущее определение "getDistanceReduced"
  FastCamel.cpp
C:\Users\ofrao\Desktop\origin\Курсовая 2\Project2\Project2\Vehicle.h(13,18): warning C4251: Vehicle::name: class "std::basic_string<char,std::char_traits<char>,std::allocator<char>>" должен иметь dll-интерфейс для использования клиентами class "Vehicle"
C:\Program Files (x86)\Microsoft Visual Studio\2019\Community\VC\Tools\MSVC\14.29.30133\include\xstring(4871): message : см. объявление "std::basic_string<char,std::char_traits<char>,std::allocator<char>>"
C:\Users\ofrao\Desktop\origin\Курсовая 2\Project2\Project2\FastCamel.cpp(4,24): warning C4273: FastCamel::FastCamel: несовместимое связывание dll
C:\Users\ofrao\Desktop\origin\Курсовая 2\Project2\Project2\FastCamel.h(13,5): message : см. предыдущее определение "{ctor}"
C:\Users\ofrao\Desktop\origin\Курсовая 2\Project2\Project2\FastCamel.cpp(5,43): warning C4273: FastCamel::getRestDuration: несовместимое связывание dll
C:\Users\ofrao\Desktop\origin\Курсовая 2\Project2\Project2\FastCamel.h(14,12): message : см. предыдущее определение "getRestDuration"
C:\Users\ofrao\Desktop\origin\Курсовая 2\Project2\Project2\FastCamel.cpp(6,77): warning C4273: FastCamel::calculateRestCount: несовместимое связывание dll
C:\Users\ofrao\Desktop\origin\Курсовая 2\Project2\Project2\FastCamel.h(15,9): message : см. предыдущее определение "calculateRestCount"
C:\Users\ofrao\Desktop\origin\Курсовая 2\Project2\Project2\FastCamel.cpp(11,61): warning C4273: FastCamel::getTotalRestDuration: несовместимое связывание dll
C:\Users\ofrao\Desktop\origin\Курсовая 2\Project2\Project2\FastCamel.h(16,12): message : см. предыдущее определение "getTotalRestDuration"
  GroundVehicle.cpp
C:\Users\ofrao\Desktop\origin\Курсовая 2\Project2\Project2\Vehicle.h(13,18): warning C4251: Vehicle::name: class "std::basic_string<char,std::char_traits<char>,std::allocator<char>>" должен иметь dll-интерфейс для использования клиентами class "Vehicle"
C:\Program Files (x86)\Microsoft Visual Studio\2019\Community\VC\Tools\MSVC\14.29.30133\include\xstring(4871): message : см. объявление "std::basic_string<char,std::char_traits<char>,std::allocator<char>>"
C:\Users\ofrao\Desktop\origin\Курсовая 2\Project2\Project2\GroundVehicle.cpp(4,66): warning C4273: GroundVehicle::GroundVehicle: несовместимое связывание dll
C:\Users\ofrao\Desktop\origin\Курсовая 2\Project2\Project2\GroundVehicle.h(13,5): message : см. предыдущее определение "{ctor}"
C:\Users\ofrao\Desktop\origin\Курсовая 2\Project2\Project2\GroundVehicle.cpp(5,60): warning C4273: GroundVehicle::calculateTime: несовместимое связывание dll
C:\Users\ofrao\Desktop\origin\Курсовая 2\Project2\Project2\GroundVehicle.h(17,12): message : см. предыдущее определение "calculateTime"
  MagicCarpet.cpp
C:\Users\ofrao\Desktop\origin\Курсовая 2\Project2\Project2\Vehicle.h(13,18): warning C4251: Vehicle::name: class "std::basic_string<char,std::char_traits<char>,std::allocator<char>>" должен иметь dll-интерфейс для использования клиентами class "Vehicle"
C:\Program Files (x86)\Microsoft Visual Studio\2019\Community\VC\Tools\MSVC\14.29.30133\include\xstring(4871): message : см. объявление "std::basic_string<char,std::char_traits<char>,std::allocator<char>>"
C:\Users\ofrao\Desktop\origin\Курсовая 2\Project2\Project2\MagicCarpet.cpp(4,32): warning C4273: MagicCarpet::MagicCarpet: несовместимое связывание dll
C:\Users\ofrao\Desktop\origin\Курсовая 2\Project2\Project2\MagicCarpet.h(13,5): message : см. предыдущее определение "{ctor}"
C:\Users\ofrao\Desktop\origin\Курсовая 2\Project2\Project2\MagicCarpet.cpp(5,67): warning C4273: MagicCarpet::getDistanceReduced: несовместимое связывание dll
C:\Users\ofrao\Desktop\origin\Курсовая 2\Project2\Project2\MagicCarpet.h(14,12): message : см. предыдущее определение "getDistanceReduced"
  OffroadBoots.cpp
C:\Users\ofrao\Desktop\origin\Курсовая 2\Project2\Project2\Vehicle.h(13,18): warning C4251: Vehicle::name: class "std::basic_string<char,std::char_traits<char>,std::allocator<char>>" должен иметь dll-интерфейс для использования клиентами class "Vehicle"
C:\Program Files (x86)\Microsoft Visual Studio\2019\Community\VC\Tools\MSVC\14.29.30133\include\xstring(4871): message : см. объявление "std::basic_string<char,std::char_traits<char>,std::allocator<char>>"
C:\Users\ofrao\Desktop\origin\Курсовая 2\Project2\Project2\OffroadBoots.cpp(4,34): warning C4273: OffroadBoots::OffroadBoots: несовместимое связывание dll
C:\Users\ofrao\Desktop\origin\Курсовая 2\Project2\Project2\OffroadBoots.h(13,6): message : см. предыдущее определение "{ctor}"
C:\Users\ofrao\Desktop\origin\Курсовая 2\Project2\Project2\OffroadBoots.cpp(5,50): warning C4273: OffroadBoots::getRestDuration: несовместимое связывание dll
C:\Users\ofrao\Desktop\origin\Курсовая 2\Project2\Project2\OffroadBoots.h(14,13): message : см. предыдущее определение "getRestDuration"
C:\Users\ofrao\Desktop\origin\Курсовая 2\Project2\Project2\OffroadBoots.cpp(6,84): warning C4273: OffroadBoots::calculateRestCount: несовместимое связывание dll
C:\Users\ofrao\Desktop\origin\Курсовая 2\Project2\Project2\OffroadBoots.h(15,10): message : см. предыдущее определение "calculateRestCount"
C:\Users\ofrao\Desktop\origin\Курсовая 2\Project2\Project2\OffroadBoots.cpp(11,68): warning C4273: OffroadBoots::getTotalRestDuration: несовместимое связывание dll
C:\Users\ofrao\Desktop\origin\Курсовая 2\Project2\Project2\OffroadBoots.h(16,13): message : см. предыдущее определение "getTotalRestDuration"
  Vehicle.cpp
C:\Users\ofrao\Desktop\origin\Курсовая 2\Project2\Project2\Vehicle.h(13,18): warning C4251: Vehicle::name: class "std::basic_string<char,std::char_traits<char>,std::allocator<char>>" должен иметь dll-интерфейс для использования клиентами class "Vehicle"
C:\Program Files (x86)\Microsoft Visual Studio\2019\Community\VC\Tools\MSVC\14.29.30133\include\xstring(4871): message : см. объявление "std::basic_string<char,std::char_traits<char>,std::allocator<char>>"
C:\Users\ofrao\Desktop\origin\Курсовая 2\Project2\Project2\Vehicle.cpp(4,54): warning C4273: Vehicle::Vehicle: несовместимое связывание dll
C:\Users\ofrao\Desktop\origin\Курсовая 2\Project2\Project2\Vehicle.h(16,6): message : см. предыдущее определение "{ctor}"
C:\Users\ofrao\Desktop\origin\Курсовая 2\Project2\Project2\Vehicle.cpp(5,38): warning C4273: Vehicle::getName: несовместимое связывание dll
C:\Users\ofrao\Desktop\origin\Курсовая 2\Project2\Project2\Vehicle.h(17,18): message : см. предыдущее определение "getName"
C:\Users\ofrao\Desktop\origin\Курсовая 2\Project2\Project2\Vehicle.cpp(6,54): warning C4273: Vehicle::calculateTime: несовместимое связывание dll
C:\Users\ofrao\Desktop\origin\Курсовая 2\Project2\Project2\Vehicle.h(18,21): message : см. предыдущее определение "calculateTime"
  Создание кода...
     Создается библиотека C:\Users\ofrao\Desktop\origin\Курсовая 2\Project2\x64\Debug\Project2.lib и объект C:\Users\ofrao\Desktop\origin\Курсовая 2\Project2\x64\Debug\Project2.exp
LINK : warning LNK4217: Символ "??0Vehicle@@QEAA@AEBV?$basic_string@DU?$char_traits@D@std@@V?$allocator@D@2@@std@@AEBH@Z (public: __cdecl Vehicle::Vehicle(class std::basic_string<char,struct std::char_traits<char>,class std::allocator<char> > const &,int const &))", определенный в "Vehicle.obj", импортирован "AirVehicle.obj" в функции ""public: __cdecl AirVehicle::AirVehicle(class std::basic_string<char,struct std::char_traits<char>,class std::allocator<char> > const &,int const &)" (??0AirVehicle@@QEAA@AEBV?$basic_string@DU?$char_traits@D@std@@V?$allocator@D@2@@std@@AEBH@Z)".
LINK : warning LNK4217: Символ "??0Vehicle@@QEAA@AEBV?$basic_string@DU?$char_traits@D@std@@V?$allocator@D@2@@std@@AEBH@Z (public: __cdecl Vehicle::Vehicle(class std::basic_string<char,struct std::char_traits<char>,class std::allocator<char> > const &,int const &))", определенный в "Vehicle.obj", импортирован "GroundVehicle.obj" в функции ""public: __cdecl GroundVehicle::GroundVehicle(class std::basic_string<char,struct std::char_traits<char>,class std::allocator<char> > const &,int const &)" (??0GroundVehicle@@QEAA@AEBV?$basic_string@DU?$char_traits@D@std@@V?$allocator@D@2@@std@@AEBH@Z)".
LINK : warning LNK4217: Символ "??0AirVehicle@@QEAA@AEBV?$basic_string@DU?$char_traits@D@std@@V?$allocator@D@2@@std@@AEBH@Z (public: __cdecl AirVehicle::AirVehicle(class std::basic_string<char,struct std::char_traits<char>,class std::allocator<char> > const &,int const &))", определенный в "AirVehicle.obj", импортирован "Broomstick.obj" в функции ""public: __cdecl Broomstick::Broomstick(void)" (??0Broomstick@@QEAA@XZ)".
LINK : warning LNK4217: Символ "??0AirVehicle@@QEAA@AEBV?$basic_string@DU?$char_traits@D@std@@V?$allocator@D@2@@std@@AEBH@Z (public: __cdecl AirVehicle::AirVehicle(class std::basic_string<char,struct std::char_traits<char>,class std::allocator<char> > const &,int const &))", определенный в "AirVehicle.obj", импортирован "Eagle.obj" в функции ""public: __cdecl std::basic_string<char,struct std::char_traits<char>,class std::allocator<char> >::basic_string<char,struct std::char_traits<char>,class std::allocator<char> >(char const * const)" (??0?$basic_string@DU?$char_traits@D@std@@V?$allocator@D@2@@std@@QEAA@QEBD@Z)".
LINK : warning LNK4217: Символ "??0AirVehicle@@QEAA@AEBV?$basic_string@DU?$char_traits@D@std@@V?$allocator@D@2@@std@@AEBH@Z (public: __cdecl AirVehicle::AirVehicle(class std::basic_string<char,struct std::char_traits<char>,class std::allocator<char> > const &,int const &))", определенный в "AirVehicle.obj", импортирован "MagicCarpet.obj" в функции ""public: __cdecl std::basic_string<char,struct std::char_traits<char>,class std::allocator<char> >::basic_string<char,struct std::char_traits<char>,class std::allocator<char> >(char const * const)" (??0?$basic_string@DU?$char_traits@D@std@@V?$allocator@D@2@@std@@QEAA@QEBD@Z)".
LINK : warning LNK4217: Символ "??0GroundVehicle@@QEAA@AEBV?$basic_string@DU?$char_traits@D@std@@V?$allocator@D@2@@std@@AEBH@Z (public: __cdecl GroundVehicle::GroundVehicle(class std::basic_string<char,struct std::char_traits<char>,class std::allocator<char> > const &,int const &))", определенный в "GroundVehicle.obj", импортирован "Camel.obj" в функции ""public: __cdecl Camel::Camel(void)" (??0Camel@@QEAA@XZ)".
LINK : warning LNK4217: Символ "??0GroundVehicle@@QEAA@AEBV?$basic_string@DU?$char_traits@D@std@@V?$allocator@D@2@@std@@AEBH@Z (public: __cdecl GroundVehicle::GroundVehicle(class std::basic_string<char,struct std::char_traits<char>,class std::allocator<char> > const &,int const &))", определенный в "GroundVehicle.obj", импортирован "Centaur.obj" в функции ""public: __cdecl Centaur::Centaur(void)" (??0Centaur@@QEAA@XZ)".
LINK : warning LNK4217: Символ "??0GroundVehicle@@QEAA@AEBV?$basic_string@DU?$char_traits@D@std@@V?$allocator@D@2@@std@@AEBH@Z (public: __cdecl GroundVehicle::GroundVehicle(class std::basic_string<char,struct std::char_traits<char>,class std::allocator<char> > const &,int const &))", определенный в "GroundVehicle.obj", импортирован "FastCamel.obj" в функции ""public: __cdecl FastCamel::FastCamel(void)" (??0FastCamel@@QEAA@XZ)".
LINK : warning LNK4217: Символ "??0GroundVehicle@@QEAA@AEBV?$basic_string@DU?$char_traits@D@std@@V?$allocator@D@2@@std@@AEBH@Z (public: __cdecl GroundVehicle::GroundVehicle(class std::basic_string<char,struct std::char_traits<char>,class std::allocator<char> > const &,int const &))", определенный в "GroundVehicle.obj", импортирован "OffroadBoots.obj" в функции ""public: __cdecl OffroadBoots::OffroadBoots(void)" (??0OffroadBoots@@QEAA@XZ)".
AirVehicle.obj : error LNK2019: ссылка на неразрешенный внешний символ "__declspec(dllimport) const AirVehicle::`vftable'" (__imp_??_7AirVehicle@@6B@) в функции "public: __cdecl AirVehicle::AirVehicle(class std::basic_string<char,struct std::char_traits<char>,class std::allocator<char> > const &,int const &)" (??0AirVehicle@@QEAA@AEBV?$basic_string@DU?$char_traits@D@std@@V?$allocator@D@2@@std@@AEBH@Z).
Broomstick.obj : error LNK2019: ссылка на неразрешенный внешний символ "__declspec(dllimport) const Broomstick::`vftable'" (__imp_??_7Broomstick@@6B@) в функции "public: __cdecl Broomstick::Broomstick(void)" (??0Broomstick@@QEAA@XZ).
Camel.obj : error LNK2019: ссылка на неразрешенный внешний символ "__declspec(dllimport) const Camel::`vftable'" (__imp_??_7Camel@@6B@) в функции "public: __cdecl Camel::Camel(void)" (??0Camel@@QEAA@XZ).
Centaur.obj : error LNK2019: ссылка на неразрешенный внешний символ "__declspec(dllimport) const Centaur::`vftable'" (__imp_??_7Centaur@@6B@) в функции "public: __cdecl Centaur::Centaur(void)" (??0Centaur@@QEAA@XZ).
Eagle.obj : error LNK2019: ссылка на неразрешенный внешний символ "__declspec(dllimport) const Eagle::`vftable'" (__imp_??_7Eagle@@6B@) в функции "public: __cdecl Eagle::Eagle(void)" (??0Eagle@@QEAA@XZ).
FastCamel.obj : error LNK2019: ссылка на неразрешенный внешний символ "__declspec(dllimport) const FastCamel::`vftable'" (__imp_??_7FastCamel@@6B@) в функции "public: __cdecl FastCamel::FastCamel(void)" (??0FastCamel@@QEAA@XZ).
GroundVehicle.obj : error LNK2019: ссылка на неразрешенный внешний символ "__declspec(dllimport) const GroundVehicle::`vftable'" (__imp_??_7GroundVehicle@@6B@) в функции "public: __cdecl GroundVehicle::GroundVehicle(class std::basic_string<char,struct std::char_traits<char>,class std::allocator<char> > const &,int const &)" (??0GroundVehicle@@QEAA@AEBV?$basic_string@DU?$char_traits@D@std@@V?$allocator@D@2@@std@@AEBH@Z).
MagicCarpet.obj : error LNK2019: ссылка на неразрешенный внешний символ "__declspec(dllimport) const MagicCarpet::`vftable'" (__imp_??_7MagicCarpet@@6B@) в функции "public: __cdecl MagicCarpet::MagicCarpet(void)" (??0MagicCarpet@@QEAA@XZ).
OffroadBoots.obj : error LNK2019: ссылка на неразрешенный внешний символ "__declspec(dllimport) const OffroadBoots::`vftable'" (__imp_??_7OffroadBoots@@6B@) в функции "public: __cdecl OffroadBoots::OffroadBoots(void)" (??0OffroadBoots@@QEAA@XZ).
Vehicle.obj : error LNK2019: ссылка на неразрешенный внешний символ "__declspec(dllimport) const Vehicle::`vftable'" (__imp_??_7Vehicle@@6B@) в функции "public: __cdecl Vehicle::Vehicle(class std::basic_string<char,struct std::char_traits<char>,class std::allocator<char> > const &,int const &)" (??0Vehicle@@QEAA@AEBV?$basic_string@DU?$char_traits@D@std@@V?$allocator@D@2@@std@@AEBH@Z).
C:\Users\ofrao\Desktop\origin\Курсовая 2\Project2\x64\Debug\Project2.dll : fatal error LNK1120: неразрешенных внешних элементов: 10
